<?xml version="1.0" encoding="utf-8"?><testsuites><testsuite name="pytest" errors="0" failures="0" skipped="0" tests="4" time="4.589" timestamp="2024-11-13T17:04:38.445007" hostname="tuso-SY-YL-B550M"><testcase classname="tests.api.test_api.TestBatchPipeline" name="test_should_failed_unkown_column_1" time="0.120" /><testcase classname="tests.api.test_api.TestBatchPipeline" name="test_should_failed_unkown_column_2" time="0.012" /><testcase classname="tests.api.test_api.TestBatchPipeline" name="test_should_failed_unkown_column_3" time="0.012" /><testcase classname="tests.api.test_api.TestBatchPipeline" name="test_should_get_predict" time="0.032" /></testsuite></testsuites>